nd_trace: LC_UNIXTHREAD flavor=0x00000004 count=97 words=97 nonzero=1
nd_trace: LC_UNIXTHREAD word[64] = 0xF8000000
nd_trace: LC_UNIXTHREAD executable-range candidates=1 (entry arg=0xF8000348)
nd_trace: candidate word[64] = 0xF8000000
nd_trace: reset-vector mode enabled pc=0xFFF00000 target=0xF8000348
nd_trace: executed 200 instructions
nd_trace: final pc=0xF8000664
nd_trace: stop reason=max_steps
nd_trace: top_pc_hotspots (top 12)
nd_trace: hotspot#01 pc=0xF8000348 hits=1
nd_trace: hotspot#02 pc=0xF800034C hits=1
nd_trace: hotspot#03 pc=0xF8000350 hits=1
nd_trace: hotspot#04 pc=0xF8000354 hits=1
nd_trace: hotspot#05 pc=0xF8000358 hits=1
nd_trace: hotspot#06 pc=0xF800035C hits=1
nd_trace: hotspot#07 pc=0xF8000360 hits=1
nd_trace: hotspot#08 pc=0xF8000364 hits=1
nd_trace: hotspot#09 pc=0xF8000368 hits=1
nd_trace: hotspot#10 pc=0xF800036C hits=1
nd_trace: hotspot#11 pc=0xF8000370 hits=1
nd_trace: hotspot#12 pc=0xF8000374 hits=1
nd_trace: back_edges (top 12)
nd_trace: back_edge#01 0xFFF00004 -> 0xF8000348 hits=1
nd_trace: mmio accesses=0
