=== Iterative Closure ===
Binary:      re/nextdimension/kernel/i860_kernel.bin
Base map:    re/nextdimension/kernel/docs/recovery_map_hardmask_pcode.json
State json:  re/nextdimension/kernel/scripts/nd_firmware_state.json
Auto gaps:   0
Hints json:  <none>
Gap max reg: 2
Gap fallback:0 (fill=0x00000001)
Iterations:  1
Work dir:    /Users/jvindahl/Development/ghidra-i860/re/nextdimension/kernel/reports/iterative_closure/20260211-021545
Base addr:   0xF8000000
Max steps:   50
Entry spec:  0xF80014C4

=== Iteration 1 ===
Input map: re/nextdimension/kernel/docs/recovery_map_hardmask_pcode.json
dynamic_added: 0
functions:     60
instructions:  2536
coverage_pct:  1.4
stop_reason:   max_steps:1
state_gap_top: r8:1
state_mutate:  0
state_json:    re/nextdimension/kernel/scripts/nd_firmware_state.json

Converged at iteration 1 (dynamic_added=0)
