=== Iterative Closure ===
Binary:      re/nextdimension/kernel/i860_kernel.bin
Base map:    re/nextdimension/kernel/docs/recovery_map_hardmask_pcode.json
State json:  re/nextdimension/kernel/scripts/nd_firmware_state.json
Auto gaps:   1
Hints json:  re/nextdimension/kernel/scripts/nd_dispatch_state_hints.json
Gap max reg: 2
Gap fallback:0 (fill=0x00000001)
Iterations:  2
Work dir:    /Users/jvindahl/Development/ghidra-i860/re/nextdimension/kernel/reports/iterative_closure/20260211-022118
Base addr:   0xF8000000
Max steps:   64
Entry spec:  0xF80014C4

=== Iteration 1 ===
Input map: re/nextdimension/kernel/docs/recovery_map_hardmask_pcode.json
dynamic_added: 0
functions:     60
instructions:  2536
coverage_pct:  1.4
stop_reason:   max_steps:1
state_gap_top: r8:1
state_mutate:  1
state_json:    /Users/jvindahl/Development/ghidra-i860/re/nextdimension/kernel/reports/iterative_closure/20260211-022118/iter_1/state_next.json

dynamic_added=0 but applied state mutations (1); continuing
=== Iteration 2 ===
Input map: /Users/jvindahl/Development/ghidra-i860/re/nextdimension/kernel/reports/iterative_closure/20260211-022118/iter_1/sweep/dynamic_recovery_map.json
dynamic_added: 0
functions:     60
instructions:  2536
coverage_pct:  1.4
stop_reason:   max_steps:1
state_gap_top: r18:1
state_mutate:  0
state_json:    /Users/jvindahl/Development/ghidra-i860/re/nextdimension/kernel/reports/iterative_closure/20260211-022118/iter_2/state_next.json

Converged at iteration 2 (dynamic_added=0)
